Determining if the pthread_create exist failed with the following output:
Change Dir: /home/wu/Documents/SimpleWebserver/cmake-build-debug/CMakeFiles/CMakeTmp

Run Build Command:"/usr/bin/make" "cmTC_e78a7/fast"
make[1]: Entering directory '/home/wu/Documents/SimpleWebserver/cmake-build-debug/CMakeFiles/CMakeTmp'
/usr/bin/make -f CMakeFiles/cmTC_e78a7.dir/build.make CMakeFiles/cmTC_e78a7.dir/build
make[2]: Entering directory '/home/wu/Documents/SimpleWebserver/cmake-build-debug/CMakeFiles/CMakeTmp'
Building C object CMakeFiles/cmTC_e78a7.dir/CheckSymbolExists.c.o
/usr/bin/cc    -o CMakeFiles/cmTC_e78a7.dir/CheckSymbolExists.c.o   -c /home/wu/Documents/SimpleWebserver/cmake-build-debug/CMakeFiles/CMakeTmp/CheckSymbolExists.c
Linking C executable cmTC_e78a7
/home/wu/clion-2018.1.5/bin/cmake/bin/cmake -E cmake_link_script CMakeFiles/cmTC_e78a7.dir/link.txt --verbose=1
/usr/bin/cc      CMakeFiles/cmTC_e78a7.dir/CheckSymbolExists.c.o  -o cmTC_e78a7 
CMakeFiles/cmTC_e78a7.dir/CheckSymbolExists.c.o: In function `main':
CheckSymbolExists.c:(.text+0x16): undefined reference to `pthread_create'
collect2: error: ld returned 1 exit status
CMakeFiles/cmTC_e78a7.dir/build.make:97: recipe for target 'cmTC_e78a7' failed
make[2]: *** [cmTC_e78a7] Error 1
make[2]: Leaving directory '/home/wu/Documents/SimpleWebserver/cmake-build-debug/CMakeFiles/CMakeTmp'
Makefile:126: recipe for target 'cmTC_e78a7/fast' failed
make[1]: *** [cmTC_e78a7/fast] Error 2
make[1]: Leaving directory '/home/wu/Documents/SimpleWebserver/cmake-build-debug/CMakeFiles/CMakeTmp'

File /home/wu/Documents/SimpleWebserver/cmake-build-debug/CMakeFiles/CMakeTmp/CheckSymbolExists.c:
/* */
#include <pthread.h>

int main(int argc, char** argv)
{
  (void)argv;
#ifndef pthread_create
  return ((int*)(&pthread_create))[argc];
#else
  (void)argc;
  return 0;
#endif
}

Determining if the function pthread_create exists in the pthreads failed with the following output:
Change Dir: /home/wu/Documents/SimpleWebserver/cmake-build-debug/CMakeFiles/CMakeTmp

Run Build Command:"/usr/bin/make" "cmTC_bdc24/fast"
make[1]: Entering directory '/home/wu/Documents/SimpleWebserver/cmake-build-debug/CMakeFiles/CMakeTmp'
/usr/bin/make -f CMakeFiles/cmTC_bdc24.dir/build.make CMakeFiles/cmTC_bdc24.dir/build
make[2]: Entering directory '/home/wu/Documents/SimpleWebserver/cmake-build-debug/CMakeFiles/CMakeTmp'
Building C object CMakeFiles/cmTC_bdc24.dir/CheckFunctionExists.c.o
/usr/bin/cc   -DCHECK_FUNCTION_EXISTS=pthread_create   -o CMakeFiles/cmTC_bdc24.dir/CheckFunctionExists.c.o   -c /home/wu/clion-2018.1.5/bin/cmake/share/cmake-3.10/Modules/CheckFunctionExists.c
Linking C executable cmTC_bdc24
/home/wu/clion-2018.1.5/bin/cmake/bin/cmake -E cmake_link_script CMakeFiles/cmTC_bdc24.dir/link.txt --verbose=1
/usr/bin/cc  -DCHECK_FUNCTION_EXISTS=pthread_create    CMakeFiles/cmTC_bdc24.dir/CheckFunctionExists.c.o  -o cmTC_bdc24 -lpthreads 
/usr/bin/ld: cannot find -lpthreads
collect2: error: ld returned 1 exit status
CMakeFiles/cmTC_bdc24.dir/build.make:97: recipe for target 'cmTC_bdc24' failed
make[2]: *** [cmTC_bdc24] Error 1
make[2]: Leaving directory '/home/wu/Documents/SimpleWebserver/cmake-build-debug/CMakeFiles/CMakeTmp'
Makefile:126: recipe for target 'cmTC_bdc24/fast' failed
make[1]: *** [cmTC_bdc24/fast] Error 2
make[1]: Leaving directory '/home/wu/Documents/SimpleWebserver/cmake-build-debug/CMakeFiles/CMakeTmp'


